2017-08-22 10:45:19,823 [main] INFO  [org.henry.springboot1.Application] - Starting Application on henry-PC with PID 168 (C:\D\Workspaces_mar_20170718\springboot1\target\classes started by Administrator in C:\D\Workspaces_mar_20170718\springboot1)
2017-08-22 10:45:19,823 [main] DEBUG [org.henry.springboot1.Application] - Running with Spring Boot v1.3.0.RELEASE, Spring v4.2.3.RELEASE
2017-08-22 10:45:19,824 [main] INFO  [org.henry.springboot1.Application] - No profiles are active
2017-08-22 10:45:20,013 [pool-1-thread-1] DEBUG [org.jboss.logging] - Logging Provider: org.jboss.logging.Log4jLoggerProvider
2017-08-22 10:45:20,014 [pool-1-thread-1] INFO  [org.hibernate.validator.internal.util.Version] - HV000001: Hibernate Validator 5.2.2.Final
2017-08-22 10:45:20,024 [pool-1-thread-1] DEBUG [org.hibernate.validator.internal.engine.resolver.DefaultTraversableResolver] - Cannot find javax.persistence.Persistence on classpath. Assuming non JPA 2 environment. All properties will per default be traversable.
2017-08-22 10:45:20,045 [main] INFO  [org.springframework.boot.context.embedded.AnnotationConfigEmbeddedWebApplicationContext] - Refreshing org.springframework.boot.context.embedded.AnnotationConfigEmbeddedWebApplicationContext@2656681b: startup date [Tue Aug 22 10:45:20 CST 2017]; root of context hierarchy
2017-08-22 10:45:20,708 [main] INFO  [org.springframework.beans.factory.support.DefaultListableBeanFactory] - Overriding bean definition for bean 'beanNameViewResolver' with a different definition: replacing [Root bean: class [null]; scope=; abstract=false; lazyInit=false; autowireMode=3; dependencyCheck=0; autowireCandidate=true; primary=false; factoryBeanName=org.springframework.boot.autoconfigure.web.ErrorMvcAutoConfiguration$WhitelabelErrorViewConfiguration; factoryMethodName=beanNameViewResolver; initMethodName=null; destroyMethodName=(inferred); defined in class path resource [org/springframework/boot/autoconfigure/web/ErrorMvcAutoConfiguration$WhitelabelErrorViewConfiguration.class]] with [Root bean: class [null]; scope=; abstract=false; lazyInit=false; autowireMode=3; dependencyCheck=0; autowireCandidate=true; primary=false; factoryBeanName=org.springframework.boot.autoconfigure.web.WebMvcAutoConfiguration$WebMvcAutoConfigurationAdapter; factoryMethodName=beanNameViewResolver; initMethodName=null; destroyMethodName=(inferred); defined in class path resource [org/springframework/boot/autoconfigure/web/WebMvcAutoConfiguration$WebMvcAutoConfigurationAdapter.class]]
2017-08-22 10:45:20,919 [main] DEBUG [org.hibernate.validator.internal.engine.resolver.DefaultTraversableResolver] - Cannot find javax.persistence.Persistence on classpath. Assuming non JPA 2 environment. All properties will per default be traversable.
2017-08-22 10:45:20,921 [main] DEBUG [org.hibernate.validator.internal.engine.ConfigurationImpl] - Setting custom MessageInterpolator of type org.springframework.validation.beanvalidation.LocaleContextMessageInterpolator
2017-08-22 10:45:20,921 [main] DEBUG [org.hibernate.validator.internal.engine.ConfigurationImpl] - Setting custom ConstraintValidatorFactory of type org.springframework.validation.beanvalidation.SpringConstraintValidatorFactory
2017-08-22 10:45:20,922 [main] DEBUG [org.hibernate.validator.internal.engine.ConfigurationImpl] - Setting custom ParameterNameProvider of type com.sun.proxy.$Proxy32
2017-08-22 10:45:20,923 [main] DEBUG [org.hibernate.validator.internal.xml.ValidationXmlParser] - Trying to load META-INF/validation.xml for XML based Validator configuration.
2017-08-22 10:45:20,923 [main] DEBUG [org.hibernate.validator.internal.xml.ResourceLoaderHelper] - Trying to load META-INF/validation.xml via user class loader
2017-08-22 10:45:20,924 [main] DEBUG [org.hibernate.validator.internal.xml.ResourceLoaderHelper] - Trying to load META-INF/validation.xml via TCCL
2017-08-22 10:45:20,924 [main] DEBUG [org.hibernate.validator.internal.xml.ResourceLoaderHelper] - Trying to load META-INF/validation.xml via Hibernate Validator's class loader
2017-08-22 10:45:20,924 [main] DEBUG [org.hibernate.validator.internal.xml.ValidationXmlParser] - No META-INF/validation.xml found. Using annotation based configuration only.
2017-08-22 10:45:20,981 [main] INFO  [org.springframework.context.support.PostProcessorRegistrationDelegate$BeanPostProcessorChecker] - Bean 'org.springframework.transaction.annotation.ProxyTransactionManagementConfiguration' of type [class org.springframework.transaction.annotation.ProxyTransactionManagementConfiguration$$EnhancerBySpringCGLIB$$c607205f] is not eligible for getting processed by all BeanPostProcessors (for example: not eligible for auto-proxying)
2017-08-22 10:45:21,329 [main] INFO  [org.springframework.boot.context.embedded.tomcat.TomcatEmbeddedServletContainer] - Tomcat initialized with port(s): 9090 (http)
2017-08-22 10:45:21,418 [localhost-startStop-1] INFO  [org.springframework.web.context.ContextLoader] - Root WebApplicationContext: initialization completed in 1375 ms
2017-08-22 10:45:21,680 [localhost-startStop-1] INFO  [org.springframework.boot.context.embedded.ServletRegistrationBean] - Mapping servlet: 'dispatcherServlet' to [/]
2017-08-22 10:45:21,683 [localhost-startStop-1] INFO  [org.springframework.boot.context.embedded.FilterRegistrationBean] - Mapping filter: 'characterEncodingFilter' to: [/*]
2017-08-22 10:45:21,684 [localhost-startStop-1] INFO  [org.springframework.boot.context.embedded.FilterRegistrationBean] - Mapping filter: 'hiddenHttpMethodFilter' to: [/*]
2017-08-22 10:45:21,684 [localhost-startStop-1] INFO  [org.springframework.boot.context.embedded.FilterRegistrationBean] - Mapping filter: 'httpPutFormContentFilter' to: [/*]
2017-08-22 10:45:21,684 [localhost-startStop-1] INFO  [org.springframework.boot.context.embedded.FilterRegistrationBean] - Mapping filter: 'requestContextFilter' to: [/*]
2017-08-22 10:45:21,806 [main] DEBUG [org.hibernate.validator.internal.engine.resolver.DefaultTraversableResolver] - Cannot find javax.persistence.Persistence on classpath. Assuming non JPA 2 environment. All properties will per default be traversable.
2017-08-22 10:45:21,807 [main] DEBUG [org.hibernate.validator.internal.engine.ConfigurationImpl] - Setting custom MessageInterpolator of type org.springframework.validation.beanvalidation.LocaleContextMessageInterpolator
2017-08-22 10:45:21,807 [main] DEBUG [org.hibernate.validator.internal.engine.ConfigurationImpl] - Setting custom ConstraintValidatorFactory of type org.springframework.validation.beanvalidation.SpringConstraintValidatorFactory
2017-08-22 10:45:21,807 [main] DEBUG [org.hibernate.validator.internal.engine.ConfigurationImpl] - Setting custom ParameterNameProvider of type com.sun.proxy.$Proxy32
2017-08-22 10:45:21,807 [main] DEBUG [org.hibernate.validator.internal.xml.ValidationXmlParser] - Trying to load META-INF/validation.xml for XML based Validator configuration.
2017-08-22 10:45:21,807 [main] DEBUG [org.hibernate.validator.internal.xml.ResourceLoaderHelper] - Trying to load META-INF/validation.xml via user class loader
2017-08-22 10:45:21,807 [main] DEBUG [org.hibernate.validator.internal.xml.ResourceLoaderHelper] - Trying to load META-INF/validation.xml via TCCL
2017-08-22 10:45:21,807 [main] DEBUG [org.hibernate.validator.internal.xml.ResourceLoaderHelper] - Trying to load META-INF/validation.xml via Hibernate Validator's class loader
2017-08-22 10:45:21,807 [main] DEBUG [org.hibernate.validator.internal.xml.ValidationXmlParser] - No META-INF/validation.xml found. Using annotation based configuration only.
2017-08-22 10:45:21,821 [main] INFO  [org.springframework.web.servlet.mvc.method.annotation.RequestMappingHandlerAdapter] - Looking for @ControllerAdvice: org.springframework.boot.context.embedded.AnnotationConfigEmbeddedWebApplicationContext@2656681b: startup date [Tue Aug 22 10:45:20 CST 2017]; root of context hierarchy
2017-08-22 10:45:21,885 [main] INFO  [org.springframework.web.servlet.mvc.method.annotation.RequestMappingHandlerMapping] - Mapped "{[/]}" onto public java.lang.String org.henry.springboot1.controller.UserController.entry()
2017-08-22 10:45:21,886 [main] INFO  [org.springframework.web.servlet.mvc.method.annotation.RequestMappingHandlerMapping] - Mapped "{[/user]}" onto public java.lang.String org.henry.springboot1.controller.UserController.getUser()
2017-08-22 10:45:21,888 [main] INFO  [org.springframework.web.servlet.mvc.method.annotation.RequestMappingHandlerMapping] - Mapped "{[/error]}" onto public org.springframework.http.ResponseEntity<java.util.Map<java.lang.String, java.lang.Object>> org.springframework.boot.autoconfigure.web.BasicErrorController.error(javax.servlet.http.HttpServletRequest)
2017-08-22 10:45:21,888 [main] INFO  [org.springframework.web.servlet.mvc.method.annotation.RequestMappingHandlerMapping] - Mapped "{[/error],produces=[text/html]}" onto public org.springframework.web.servlet.ModelAndView org.springframework.boot.autoconfigure.web.BasicErrorController.errorHtml(javax.servlet.http.HttpServletRequest)
2017-08-22 10:45:21,924 [main] INFO  [org.springframework.web.servlet.handler.SimpleUrlHandlerMapping] - Mapped URL path [/**] onto handler of type [class org.springframework.web.servlet.resource.ResourceHttpRequestHandler]
2017-08-22 10:45:21,924 [main] INFO  [org.springframework.web.servlet.handler.SimpleUrlHandlerMapping] - Mapped URL path [/webjars/**] onto handler of type [class org.springframework.web.servlet.resource.ResourceHttpRequestHandler]
2017-08-22 10:45:21,969 [main] INFO  [org.springframework.web.servlet.handler.SimpleUrlHandlerMapping] - Mapped URL path [/**/favicon.ico] onto handler of type [class org.springframework.web.servlet.resource.ResourceHttpRequestHandler]
2017-08-22 10:45:22,002 [main] WARN  [org.springframework.boot.autoconfigure.thymeleaf.ThymeleafAutoConfiguration] - Cannot find template location: classpath:/templates/ (please add some templates or check your Thymeleaf configuration)
2017-08-22 10:45:22,398 [main] INFO  [org.springframework.jmx.export.annotation.AnnotationMBeanExporter] - Registering beans for JMX exposure on startup
2017-08-22 10:45:22,454 [main] INFO  [org.springframework.boot.context.embedded.tomcat.TomcatEmbeddedServletContainer] - Tomcat started on port(s): 9090 (http)
2017-08-22 10:45:22,458 [main] INFO  [org.henry.springboot1.Application] - Started Application in 2.847 seconds (JVM running for 3.085)
2017-08-22 10:45:42,874 [http-nio-9090-exec-1] INFO  [org.springframework.web.servlet.DispatcherServlet] - FrameworkServlet 'dispatcherServlet': initialization started
2017-08-22 10:45:42,890 [http-nio-9090-exec-1] INFO  [org.springframework.web.servlet.DispatcherServlet] - FrameworkServlet 'dispatcherServlet': initialization completed in 15 ms
2017-08-22 10:46:46,134 [main] INFO  [org.henry.springboot1.Application] - Starting Application on henry-PC with PID 9108 (C:\D\Workspaces_mar_20170718\springboot1\target\classes started by Administrator in C:\D\Workspaces_mar_20170718\springboot1)
2017-08-22 10:46:46,135 [main] INFO  [org.henry.springboot1.Application] - No profiles are active
2017-08-22 10:46:46,335 [main] INFO  [org.springframework.boot.context.embedded.AnnotationConfigEmbeddedWebApplicationContext] - Refreshing org.springframework.boot.context.embedded.AnnotationConfigEmbeddedWebApplicationContext@60b964af: startup date [Tue Aug 22 10:46:46 CST 2017]; root of context hierarchy
2017-08-22 10:46:46,337 [pool-1-thread-1] INFO  [org.hibernate.validator.internal.util.Version] - HV000001: Hibernate Validator 5.2.2.Final
2017-08-22 10:46:47,021 [main] INFO  [org.springframework.beans.factory.support.DefaultListableBeanFactory] - Overriding bean definition for bean 'beanNameViewResolver' with a different definition: replacing [Root bean: class [null]; scope=; abstract=false; lazyInit=false; autowireMode=3; dependencyCheck=0; autowireCandidate=true; primary=false; factoryBeanName=org.springframework.boot.autoconfigure.web.ErrorMvcAutoConfiguration$WhitelabelErrorViewConfiguration; factoryMethodName=beanNameViewResolver; initMethodName=null; destroyMethodName=(inferred); defined in class path resource [org/springframework/boot/autoconfigure/web/ErrorMvcAutoConfiguration$WhitelabelErrorViewConfiguration.class]] with [Root bean: class [null]; scope=; abstract=false; lazyInit=false; autowireMode=3; dependencyCheck=0; autowireCandidate=true; primary=false; factoryBeanName=org.springframework.boot.autoconfigure.web.WebMvcAutoConfiguration$WebMvcAutoConfigurationAdapter; factoryMethodName=beanNameViewResolver; initMethodName=null; destroyMethodName=(inferred); defined in class path resource [org/springframework/boot/autoconfigure/web/WebMvcAutoConfiguration$WebMvcAutoConfigurationAdapter.class]]
2017-08-22 10:46:47,294 [main] INFO  [org.springframework.context.support.PostProcessorRegistrationDelegate$BeanPostProcessorChecker] - Bean 'org.springframework.transaction.annotation.ProxyTransactionManagementConfiguration' of type [class org.springframework.transaction.annotation.ProxyTransactionManagementConfiguration$$EnhancerBySpringCGLIB$$890aec15] is not eligible for getting processed by all BeanPostProcessors (for example: not eligible for auto-proxying)
2017-08-22 10:46:47,764 [main] INFO  [org.springframework.boot.context.embedded.tomcat.TomcatEmbeddedServletContainer] - Tomcat initialized with port(s): 9090 (http)
2017-08-22 10:46:47,854 [localhost-startStop-1] INFO  [org.springframework.web.context.ContextLoader] - Root WebApplicationContext: initialization completed in 1521 ms
2017-08-22 10:46:48,106 [localhost-startStop-1] INFO  [org.springframework.boot.context.embedded.ServletRegistrationBean] - Mapping servlet: 'dispatcherServlet' to [/]
2017-08-22 10:46:48,109 [localhost-startStop-1] INFO  [org.springframework.boot.context.embedded.FilterRegistrationBean] - Mapping filter: 'characterEncodingFilter' to: [/*]
2017-08-22 10:46:48,110 [localhost-startStop-1] INFO  [org.springframework.boot.context.embedded.FilterRegistrationBean] - Mapping filter: 'hiddenHttpMethodFilter' to: [/*]
2017-08-22 10:46:48,110 [localhost-startStop-1] INFO  [org.springframework.boot.context.embedded.FilterRegistrationBean] - Mapping filter: 'httpPutFormContentFilter' to: [/*]
2017-08-22 10:46:48,110 [localhost-startStop-1] INFO  [org.springframework.boot.context.embedded.FilterRegistrationBean] - Mapping filter: 'requestContextFilter' to: [/*]
2017-08-22 10:46:48,241 [main] INFO  [org.springframework.web.servlet.mvc.method.annotation.RequestMappingHandlerAdapter] - Looking for @ControllerAdvice: org.springframework.boot.context.embedded.AnnotationConfigEmbeddedWebApplicationContext@60b964af: startup date [Tue Aug 22 10:46:46 CST 2017]; root of context hierarchy
2017-08-22 10:46:48,303 [main] INFO  [org.springframework.web.servlet.mvc.method.annotation.RequestMappingHandlerMapping] - Mapped "{[/]}" onto public java.lang.String org.henry.springboot1.controller.UserController.entry()
2017-08-22 10:46:48,304 [main] INFO  [org.springframework.web.servlet.mvc.method.annotation.RequestMappingHandlerMapping] - Mapped "{[/user]}" onto public java.lang.String org.henry.springboot1.controller.UserController.getUser()
2017-08-22 10:46:48,306 [main] INFO  [org.springframework.web.servlet.mvc.method.annotation.RequestMappingHandlerMapping] - Mapped "{[/error]}" onto public org.springframework.http.ResponseEntity<java.util.Map<java.lang.String, java.lang.Object>> org.springframework.boot.autoconfigure.web.BasicErrorController.error(javax.servlet.http.HttpServletRequest)
2017-08-22 10:46:48,306 [main] INFO  [org.springframework.web.servlet.mvc.method.annotation.RequestMappingHandlerMapping] - Mapped "{[/error],produces=[text/html]}" onto public org.springframework.web.servlet.ModelAndView org.springframework.boot.autoconfigure.web.BasicErrorController.errorHtml(javax.servlet.http.HttpServletRequest)
2017-08-22 10:46:48,341 [main] INFO  [org.springframework.web.servlet.handler.SimpleUrlHandlerMapping] - Mapped URL path [/**] onto handler of type [class org.springframework.web.servlet.resource.ResourceHttpRequestHandler]
2017-08-22 10:46:48,342 [main] INFO  [org.springframework.web.servlet.handler.SimpleUrlHandlerMapping] - Mapped URL path [/webjars/**] onto handler of type [class org.springframework.web.servlet.resource.ResourceHttpRequestHandler]
2017-08-22 10:46:48,387 [main] INFO  [org.springframework.web.servlet.handler.SimpleUrlHandlerMapping] - Mapped URL path [/**/favicon.ico] onto handler of type [class org.springframework.web.servlet.resource.ResourceHttpRequestHandler]
2017-08-22 10:46:48,419 [main] WARN  [org.springframework.boot.autoconfigure.thymeleaf.ThymeleafAutoConfiguration] - Cannot find template location: classpath:/templates/ (please add some templates or check your Thymeleaf configuration)
2017-08-22 10:46:48,853 [main] INFO  [org.springframework.jmx.export.annotation.AnnotationMBeanExporter] - Registering beans for JMX exposure on startup
2017-08-22 10:46:48,907 [main] INFO  [org.springframework.boot.context.embedded.tomcat.TomcatEmbeddedServletContainer] - Tomcat started on port(s): 9090 (http)
2017-08-22 10:46:48,911 [main] INFO  [org.henry.springboot1.Application] - Started Application in 3.007 seconds (JVM running for 3.238)
2017-08-22 10:46:55,924 [http-nio-9090-exec-1] INFO  [org.springframework.web.servlet.DispatcherServlet] - FrameworkServlet 'dispatcherServlet': initialization started
2017-08-22 10:46:55,940 [http-nio-9090-exec-1] INFO  [org.springframework.web.servlet.DispatcherServlet] - FrameworkServlet 'dispatcherServlet': initialization completed in 15 ms
