[10:29:09:950] [INFO] -  - Starting Application on henry-PC with PID 7596 (C:\D\Workspaces_mar_last\springboot1\target\classes started by Administrator in C:\D\Workspaces_mar_last\springboot1)
[10:29:09:955] [INFO] -  - No active profile set, falling back to default profiles: default
[10:29:13:053] [INFO] -  - Started Application in 3.328 seconds (JVM running for 7.754)
[10:29:22:697] [ERROR] -  - Servlet.service() for servlet [dispatcherServlet] in context with path [] threw exception [Request processing failed; nested exception is java.lang.ArithmeticException: / by zero] with root cause
java.lang.ArithmeticException: / by zero
	at org.henry.springboot1.service.UserService.saveUser(UserService.java:28) ~[classes/:?]
	at org.henry.springboot1.controller.UserController.index(UserController.java:47) ~[classes/:?]
	at sun.reflect.NativeMethodAccessorImpl.invoke0(Native Method) ~[?:1.8.0_121]
	at sun.reflect.NativeMethodAccessorImpl.invoke(NativeMethodAccessorImpl.java:62) ~[?:1.8.0_121]
	at sun.reflect.DelegatingMethodAccessorImpl.invoke(DelegatingMethodAccessorImpl.java:43) ~[?:1.8.0_121]
	at java.lang.reflect.Method.invoke(Method.java:498) ~[?:1.8.0_121]
	at org.springframework.web.method.support.InvocableHandlerMethod.doInvoke(InvocableHandlerMethod.java:205) ~[spring-web-4.3.10.RELEASE.jar:4.3.10.RELEASE]
	at org.springframework.web.method.support.InvocableHandlerMethod.invokeForRequest(InvocableHandlerMethod.java:133) ~[spring-web-4.3.10.RELEASE.jar:4.3.10.RELEASE]
	at org.springframework.web.servlet.mvc.method.annotation.ServletInvocableHandlerMethod.invokeAndHandle(ServletInvocableHandlerMethod.java:97) ~[spring-webmvc-4.3.10.RELEASE.jar:4.3.10.RELEASE]
	at org.springframework.web.servlet.mvc.method.annotation.RequestMappingHandlerAdapter.invokeHandlerMethod(RequestMappingHandlerAdapter.java:827) ~[spring-webmvc-4.3.10.RELEASE.jar:4.3.10.RELEASE]
	at org.springframework.web.servlet.mvc.method.annotation.RequestMappingHandlerAdapter.handleInternal(RequestMappingHandlerAdapter.java:738) ~[spring-webmvc-4.3.10.RELEASE.jar:4.3.10.RELEASE]
	at org.springframework.web.servlet.mvc.method.AbstractHandlerMethodAdapter.handle(AbstractHandlerMethodAdapter.java:85) ~[spring-webmvc-4.3.10.RELEASE.jar:4.3.10.RELEASE]
	at org.springframework.web.servlet.DispatcherServlet.doDispatch(DispatcherServlet.java:967) ~[spring-webmvc-4.3.10.RELEASE.jar:4.3.10.RELEASE]
	at org.springframework.web.servlet.DispatcherServlet.doService(DispatcherServlet.java:901) ~[spring-webmvc-4.3.10.RELEASE.jar:4.3.10.RELEASE]
	at org.springframework.web.servlet.FrameworkServlet.processRequest(FrameworkServlet.java:970) ~[spring-webmvc-4.3.10.RELEASE.jar:4.3.10.RELEASE]
	at org.springframework.web.servlet.FrameworkServlet.doGet(FrameworkServlet.java:861) ~[spring-webmvc-4.3.10.RELEASE.jar:4.3.10.RELEASE]
	at javax.servlet.http.HttpServlet.service(HttpServlet.java:635) ~[tomcat-embed-core-8.5.16.jar:8.5.16]
	at org.springframework.web.servlet.FrameworkServlet.service(FrameworkServlet.java:846) ~[spring-webmvc-4.3.10.RELEASE.jar:4.3.10.RELEASE]
	at javax.servlet.http.HttpServlet.service(HttpServlet.java:742) ~[tomcat-embed-core-8.5.16.jar:8.5.16]
	at org.apache.catalina.core.ApplicationFilterChain.internalDoFilter(ApplicationFilterChain.java:231) ~[tomcat-embed-core-8.5.16.jar:8.5.16]
	at org.apache.catalina.core.ApplicationFilterChain.doFilter(ApplicationFilterChain.java:166) ~[tomcat-embed-core-8.5.16.jar:8.5.16]
	at org.apache.tomcat.websocket.server.WsFilter.doFilter(WsFilter.java:52) ~[tomcat-embed-websocket-8.5.16.jar:8.5.16]
	at org.apache.catalina.core.ApplicationFilterChain.internalDoFilter(ApplicationFilterChain.java:193) ~[tomcat-embed-core-8.5.16.jar:8.5.16]
	at org.apache.catalina.core.ApplicationFilterChain.doFilter(ApplicationFilterChain.java:166) ~[tomcat-embed-core-8.5.16.jar:8.5.16]
	at org.springframework.web.filter.RequestContextFilter.doFilterInternal(RequestContextFilter.java:99) ~[spring-web-4.3.10.RELEASE.jar:4.3.10.RELEASE]
	at org.springframework.web.filter.OncePerRequestFilter.doFilter(OncePerRequestFilter.java:107) ~[spring-web-4.3.10.RELEASE.jar:4.3.10.RELEASE]
	at org.apache.catalina.core.ApplicationFilterChain.internalDoFilter(ApplicationFilterChain.java:193) ~[tomcat-embed-core-8.5.16.jar:8.5.16]
	at org.apache.catalina.core.ApplicationFilterChain.doFilter(ApplicationFilterChain.java:166) ~[tomcat-embed-core-8.5.16.jar:8.5.16]
	at org.springframework.web.filter.HttpPutFormContentFilter.doFilterInternal(HttpPutFormContentFilter.java:105) ~[spring-web-4.3.10.RELEASE.jar:4.3.10.RELEASE]
	at org.springframework.web.filter.OncePerRequestFilter.doFilter(OncePerRequestFilter.java:107) ~[spring-web-4.3.10.RELEASE.jar:4.3.10.RELEASE]
	at org.apache.catalina.core.ApplicationFilterChain.internalDoFilter(ApplicationFilterChain.java:193) ~[tomcat-embed-core-8.5.16.jar:8.5.16]
	at org.apache.catalina.core.ApplicationFilterChain.doFilter(ApplicationFilterChain.java:166) ~[tomcat-embed-core-8.5.16.jar:8.5.16]
	at org.springframework.web.filter.HiddenHttpMethodFilter.doFilterInternal(HiddenHttpMethodFilter.java:81) ~[spring-web-4.3.10.RELEASE.jar:4.3.10.RELEASE]
	at org.springframework.web.filter.OncePerRequestFilter.doFilter(OncePerRequestFilter.java:107) ~[spring-web-4.3.10.RELEASE.jar:4.3.10.RELEASE]
	at org.apache.catalina.core.ApplicationFilterChain.internalDoFilter(ApplicationFilterChain.java:193) ~[tomcat-embed-core-8.5.16.jar:8.5.16]
	at org.apache.catalina.core.ApplicationFilterChain.doFilter(ApplicationFilterChain.java:166) ~[tomcat-embed-core-8.5.16.jar:8.5.16]
	at org.springframework.web.filter.CharacterEncodingFilter.doFilterInternal(CharacterEncodingFilter.java:197) ~[spring-web-4.3.10.RELEASE.jar:4.3.10.RELEASE]
	at org.springframework.web.filter.OncePerRequestFilter.doFilter(OncePerRequestFilter.java:107) ~[spring-web-4.3.10.RELEASE.jar:4.3.10.RELEASE]
	at org.apache.catalina.core.ApplicationFilterChain.internalDoFilter(ApplicationFilterChain.java:193) ~[tomcat-embed-core-8.5.16.jar:8.5.16]
	at org.apache.catalina.core.ApplicationFilterChain.doFilter(ApplicationFilterChain.java:166) ~[tomcat-embed-core-8.5.16.jar:8.5.16]
	at org.apache.catalina.core.StandardWrapperValve.invoke(StandardWrapperValve.java:198) [tomcat-embed-core-8.5.16.jar:8.5.16]
	at org.apache.catalina.core.StandardContextValve.invoke(StandardContextValve.java:96) [tomcat-embed-core-8.5.16.jar:8.5.16]
	at org.apache.catalina.authenticator.AuthenticatorBase.invoke(AuthenticatorBase.java:478) [tomcat-embed-core-8.5.16.jar:8.5.16]
	at org.apache.catalina.core.StandardHostValve.invoke(StandardHostValve.java:140) [tomcat-embed-core-8.5.16.jar:8.5.16]
	at org.apache.catalina.valves.ErrorReportValve.invoke(ErrorReportValve.java:80) [tomcat-embed-core-8.5.16.jar:8.5.16]
	at org.apache.catalina.core.StandardEngineValve.invoke(StandardEngineValve.java:87) [tomcat-embed-core-8.5.16.jar:8.5.16]
	at org.apache.catalina.connector.CoyoteAdapter.service(CoyoteAdapter.java:342) [tomcat-embed-core-8.5.16.jar:8.5.16]
	at org.apache.coyote.http11.Http11Processor.service(Http11Processor.java:799) [tomcat-embed-core-8.5.16.jar:8.5.16]
	at org.apache.coyote.AbstractProcessorLight.process(AbstractProcessorLight.java:66) [tomcat-embed-core-8.5.16.jar:8.5.16]
	at org.apache.coyote.AbstractProtocol$ConnectionHandler.process(AbstractProtocol.java:868) [tomcat-embed-core-8.5.16.jar:8.5.16]
	at org.apache.tomcat.util.net.NioEndpoint$SocketProcessor.doRun(NioEndpoint.java:1455) [tomcat-embed-core-8.5.16.jar:8.5.16]
	at org.apache.tomcat.util.net.SocketProcessorBase.run(SocketProcessorBase.java:49) [tomcat-embed-core-8.5.16.jar:8.5.16]
	at java.util.concurrent.ThreadPoolExecutor.runWorker(ThreadPoolExecutor.java:1142) [?:1.8.0_121]
	at java.util.concurrent.ThreadPoolExecutor$Worker.run(ThreadPoolExecutor.java:617) [?:1.8.0_121]
	at org.apache.tomcat.util.threads.TaskThread$WrappingRunnable.run(TaskThread.java:61) [tomcat-embed-core-8.5.16.jar:8.5.16]
	at java.lang.Thread.run(Thread.java:745) [?:1.8.0_121]
[10:29:25:049] [INFO] -  - ---------------hello world
[10:35:09:583] [INFO] -  - Starting Application on henry-PC with PID 8116 (C:\D\Workspaces_mar_last\springboot1\target\classes started by Administrator in C:\D\Workspaces_mar_last\springboot1)
[10:35:09:588] [INFO] -  - No active profile set, falling back to default profiles: default
[10:35:12:455] [INFO] -  - Started Application in 3.056 seconds (JVM running for 5.782)
[10:35:49:534] [ERROR] -  - Servlet.service() for servlet [dispatcherServlet] in context with path [] threw exception [Request processing failed; nested exception is java.lang.ArithmeticException: / by zero] with root cause
java.lang.ArithmeticException: / by zero
	at org.henry.springboot1.service.UserService.saveUser(UserService.java:28) ~[classes/:?]
	at org.henry.springboot1.controller.UserController.index(UserController.java:47) ~[classes/:?]
	at sun.reflect.NativeMethodAccessorImpl.invoke0(Native Method) ~[?:1.8.0_121]
	at sun.reflect.NativeMethodAccessorImpl.invoke(NativeMethodAccessorImpl.java:62) ~[?:1.8.0_121]
	at sun.reflect.DelegatingMethodAccessorImpl.invoke(DelegatingMethodAccessorImpl.java:43) ~[?:1.8.0_121]
	at java.lang.reflect.Method.invoke(Method.java:498) ~[?:1.8.0_121]
	at org.springframework.web.method.support.InvocableHandlerMethod.doInvoke(InvocableHandlerMethod.java:205) ~[spring-web-4.3.10.RELEASE.jar:4.3.10.RELEASE]
	at org.springframework.web.method.support.InvocableHandlerMethod.invokeForRequest(InvocableHandlerMethod.java:133) ~[spring-web-4.3.10.RELEASE.jar:4.3.10.RELEASE]
	at org.springframework.web.servlet.mvc.method.annotation.ServletInvocableHandlerMethod.invokeAndHandle(ServletInvocableHandlerMethod.java:97) ~[spring-webmvc-4.3.10.RELEASE.jar:4.3.10.RELEASE]
	at org.springframework.web.servlet.mvc.method.annotation.RequestMappingHandlerAdapter.invokeHandlerMethod(RequestMappingHandlerAdapter.java:827) ~[spring-webmvc-4.3.10.RELEASE.jar:4.3.10.RELEASE]
	at org.springframework.web.servlet.mvc.method.annotation.RequestMappingHandlerAdapter.handleInternal(RequestMappingHandlerAdapter.java:738) ~[spring-webmvc-4.3.10.RELEASE.jar:4.3.10.RELEASE]
	at org.springframework.web.servlet.mvc.method.AbstractHandlerMethodAdapter.handle(AbstractHandlerMethodAdapter.java:85) ~[spring-webmvc-4.3.10.RELEASE.jar:4.3.10.RELEASE]
	at org.springframework.web.servlet.DispatcherServlet.doDispatch(DispatcherServlet.java:967) ~[spring-webmvc-4.3.10.RELEASE.jar:4.3.10.RELEASE]
	at org.springframework.web.servlet.DispatcherServlet.doService(DispatcherServlet.java:901) ~[spring-webmvc-4.3.10.RELEASE.jar:4.3.10.RELEASE]
	at org.springframework.web.servlet.FrameworkServlet.processRequest(FrameworkServlet.java:970) ~[spring-webmvc-4.3.10.RELEASE.jar:4.3.10.RELEASE]
	at org.springframework.web.servlet.FrameworkServlet.doGet(FrameworkServlet.java:861) ~[spring-webmvc-4.3.10.RELEASE.jar:4.3.10.RELEASE]
	at javax.servlet.http.HttpServlet.service(HttpServlet.java:635) ~[tomcat-embed-core-8.5.16.jar:8.5.16]
	at org.springframework.web.servlet.FrameworkServlet.service(FrameworkServlet.java:846) ~[spring-webmvc-4.3.10.RELEASE.jar:4.3.10.RELEASE]
	at javax.servlet.http.HttpServlet.service(HttpServlet.java:742) ~[tomcat-embed-core-8.5.16.jar:8.5.16]
	at org.apache.catalina.core.ApplicationFilterChain.internalDoFilter(ApplicationFilterChain.java:231) ~[tomcat-embed-core-8.5.16.jar:8.5.16]
	at org.apache.catalina.core.ApplicationFilterChain.doFilter(ApplicationFilterChain.java:166) ~[tomcat-embed-core-8.5.16.jar:8.5.16]
	at org.apache.tomcat.websocket.server.WsFilter.doFilter(WsFilter.java:52) ~[tomcat-embed-websocket-8.5.16.jar:8.5.16]
	at org.apache.catalina.core.ApplicationFilterChain.internalDoFilter(ApplicationFilterChain.java:193) ~[tomcat-embed-core-8.5.16.jar:8.5.16]
	at org.apache.catalina.core.ApplicationFilterChain.doFilter(ApplicationFilterChain.java:166) ~[tomcat-embed-core-8.5.16.jar:8.5.16]
	at org.springframework.web.filter.RequestContextFilter.doFilterInternal(RequestContextFilter.java:99) ~[spring-web-4.3.10.RELEASE.jar:4.3.10.RELEASE]
	at org.springframework.web.filter.OncePerRequestFilter.doFilter(OncePerRequestFilter.java:107) ~[spring-web-4.3.10.RELEASE.jar:4.3.10.RELEASE]
	at org.apache.catalina.core.ApplicationFilterChain.internalDoFilter(ApplicationFilterChain.java:193) ~[tomcat-embed-core-8.5.16.jar:8.5.16]
	at org.apache.catalina.core.ApplicationFilterChain.doFilter(ApplicationFilterChain.java:166) ~[tomcat-embed-core-8.5.16.jar:8.5.16]
	at org.springframework.web.filter.HttpPutFormContentFilter.doFilterInternal(HttpPutFormContentFilter.java:105) ~[spring-web-4.3.10.RELEASE.jar:4.3.10.RELEASE]
	at org.springframework.web.filter.OncePerRequestFilter.doFilter(OncePerRequestFilter.java:107) ~[spring-web-4.3.10.RELEASE.jar:4.3.10.RELEASE]
	at org.apache.catalina.core.ApplicationFilterChain.internalDoFilter(ApplicationFilterChain.java:193) ~[tomcat-embed-core-8.5.16.jar:8.5.16]
	at org.apache.catalina.core.ApplicationFilterChain.doFilter(ApplicationFilterChain.java:166) ~[tomcat-embed-core-8.5.16.jar:8.5.16]
	at org.springframework.web.filter.HiddenHttpMethodFilter.doFilterInternal(HiddenHttpMethodFilter.java:81) ~[spring-web-4.3.10.RELEASE.jar:4.3.10.RELEASE]
	at org.springframework.web.filter.OncePerRequestFilter.doFilter(OncePerRequestFilter.java:107) ~[spring-web-4.3.10.RELEASE.jar:4.3.10.RELEASE]
	at org.apache.catalina.core.ApplicationFilterChain.internalDoFilter(ApplicationFilterChain.java:193) ~[tomcat-embed-core-8.5.16.jar:8.5.16]
	at org.apache.catalina.core.ApplicationFilterChain.doFilter(ApplicationFilterChain.java:166) ~[tomcat-embed-core-8.5.16.jar:8.5.16]
	at org.springframework.web.filter.CharacterEncodingFilter.doFilterInternal(CharacterEncodingFilter.java:197) ~[spring-web-4.3.10.RELEASE.jar:4.3.10.RELEASE]
	at org.springframework.web.filter.OncePerRequestFilter.doFilter(OncePerRequestFilter.java:107) ~[spring-web-4.3.10.RELEASE.jar:4.3.10.RELEASE]
	at org.apache.catalina.core.ApplicationFilterChain.internalDoFilter(ApplicationFilterChain.java:193) ~[tomcat-embed-core-8.5.16.jar:8.5.16]
	at org.apache.catalina.core.ApplicationFilterChain.doFilter(ApplicationFilterChain.java:166) ~[tomcat-embed-core-8.5.16.jar:8.5.16]
	at org.apache.catalina.core.StandardWrapperValve.invoke(StandardWrapperValve.java:198) [tomcat-embed-core-8.5.16.jar:8.5.16]
	at org.apache.catalina.core.StandardContextValve.invoke(StandardContextValve.java:96) [tomcat-embed-core-8.5.16.jar:8.5.16]
	at org.apache.catalina.authenticator.AuthenticatorBase.invoke(AuthenticatorBase.java:478) [tomcat-embed-core-8.5.16.jar:8.5.16]
	at org.apache.catalina.core.StandardHostValve.invoke(StandardHostValve.java:140) [tomcat-embed-core-8.5.16.jar:8.5.16]
	at org.apache.catalina.valves.ErrorReportValve.invoke(ErrorReportValve.java:80) [tomcat-embed-core-8.5.16.jar:8.5.16]
	at org.apache.catalina.core.StandardEngineValve.invoke(StandardEngineValve.java:87) [tomcat-embed-core-8.5.16.jar:8.5.16]
	at org.apache.catalina.connector.CoyoteAdapter.service(CoyoteAdapter.java:342) [tomcat-embed-core-8.5.16.jar:8.5.16]
	at org.apache.coyote.http11.Http11Processor.service(Http11Processor.java:799) [tomcat-embed-core-8.5.16.jar:8.5.16]
	at org.apache.coyote.AbstractProcessorLight.process(AbstractProcessorLight.java:66) [tomcat-embed-core-8.5.16.jar:8.5.16]
	at org.apache.coyote.AbstractProtocol$ConnectionHandler.process(AbstractProtocol.java:868) [tomcat-embed-core-8.5.16.jar:8.5.16]
	at org.apache.tomcat.util.net.NioEndpoint$SocketProcessor.doRun(NioEndpoint.java:1455) [tomcat-embed-core-8.5.16.jar:8.5.16]
	at org.apache.tomcat.util.net.SocketProcessorBase.run(SocketProcessorBase.java:49) [tomcat-embed-core-8.5.16.jar:8.5.16]
	at java.util.concurrent.ThreadPoolExecutor.runWorker(ThreadPoolExecutor.java:1142) [?:1.8.0_121]
	at java.util.concurrent.ThreadPoolExecutor$Worker.run(ThreadPoolExecutor.java:617) [?:1.8.0_121]
	at org.apache.tomcat.util.threads.TaskThread$WrappingRunnable.run(TaskThread.java:61) [tomcat-embed-core-8.5.16.jar:8.5.16]
	at java.lang.Thread.run(Thread.java:745) [?:1.8.0_121]
[10:40:52:321] [INFO] -  - Starting Application on henry-PC with PID 6552 (C:\D\Workspaces_mar_last\springboot1\target\classes started by Administrator in C:\D\Workspaces_mar_last\springboot1)
[10:40:52:325] [INFO] -  - No active profile set, falling back to default profiles: default
[10:40:55:035] [INFO] -  - Started Application in 2.908 seconds (JVM running for 5.779)
[10:49:48:006] [INFO] -  - Starting Application on henry-PC with PID 2408 (C:\D\Workspaces_mar_last\springboot1\target\classes started by Administrator in C:\D\Workspaces_mar_last\springboot1)
[10:49:48:010] [INFO] -  - No active profile set, falling back to default profiles: default
[10:49:50:897] [INFO] -  - Started Application in 3.074 seconds (JVM running for 5.933)
[10:49:57:261] [ERROR] -  - [THYMELEAF][http-nio-9090-exec-1] Exception processing template "page/template": Error resolving template "page/template", template might not exist or might not be accessible by any of the configured Template Resolvers
[10:49:57:265] [ERROR] -  - Servlet.service() for servlet [dispatcherServlet] in context with path [] threw exception [Request processing failed; nested exception is org.thymeleaf.exceptions.TemplateInputException: Error resolving template "page/template", template might not exist or might not be accessible by any of the configured Template Resolvers] with root cause
org.thymeleaf.exceptions.TemplateInputException: Error resolving template "page/template", template might not exist or might not be accessible by any of the configured Template Resolvers
	at org.thymeleaf.TemplateRepository.getTemplate(TemplateRepository.java:246) ~[thymeleaf-2.1.5.RELEASE.jar:2.1.5.RELEASE]
	at org.thymeleaf.TemplateEngine.process(TemplateEngine.java:1104) ~[thymeleaf-2.1.5.RELEASE.jar:2.1.5.RELEASE]
	at org.thymeleaf.TemplateEngine.process(TemplateEngine.java:1060) ~[thymeleaf-2.1.5.RELEASE.jar:2.1.5.RELEASE]
	at org.thymeleaf.TemplateEngine.process(TemplateEngine.java:1011) ~[thymeleaf-2.1.5.RELEASE.jar:2.1.5.RELEASE]
	at org.thymeleaf.spring4.view.ThymeleafView.renderFragment(ThymeleafView.java:335) ~[thymeleaf-spring4-2.1.5.RELEASE.jar:2.1.5.RELEASE]
	at org.thymeleaf.spring4.view.ThymeleafView.render(ThymeleafView.java:190) ~[thymeleaf-spring4-2.1.5.RELEASE.jar:2.1.5.RELEASE]
	at org.springframework.web.servlet.DispatcherServlet.render(DispatcherServlet.java:1286) ~[spring-webmvc-4.3.10.RELEASE.jar:4.3.10.RELEASE]
	at org.springframework.web.servlet.DispatcherServlet.processDispatchResult(DispatcherServlet.java:1041) ~[spring-webmvc-4.3.10.RELEASE.jar:4.3.10.RELEASE]
	at org.springframework.web.servlet.DispatcherServlet.doDispatch(DispatcherServlet.java:984) ~[spring-webmvc-4.3.10.RELEASE.jar:4.3.10.RELEASE]
	at org.springframework.web.servlet.DispatcherServlet.doService(DispatcherServlet.java:901) ~[spring-webmvc-4.3.10.RELEASE.jar:4.3.10.RELEASE]
	at org.springframework.web.servlet.FrameworkServlet.processRequest(FrameworkServlet.java:970) ~[spring-webmvc-4.3.10.RELEASE.jar:4.3.10.RELEASE]
	at org.springframework.web.servlet.FrameworkServlet.doGet(FrameworkServlet.java:861) ~[spring-webmvc-4.3.10.RELEASE.jar:4.3.10.RELEASE]
	at javax.servlet.http.HttpServlet.service(HttpServlet.java:635) ~[tomcat-embed-core-8.5.16.jar:8.5.16]
	at org.springframework.web.servlet.FrameworkServlet.service(FrameworkServlet.java:846) ~[spring-webmvc-4.3.10.RELEASE.jar:4.3.10.RELEASE]
	at javax.servlet.http.HttpServlet.service(HttpServlet.java:742) ~[tomcat-embed-core-8.5.16.jar:8.5.16]
	at org.apache.catalina.core.ApplicationFilterChain.internalDoFilter(ApplicationFilterChain.java:231) ~[tomcat-embed-core-8.5.16.jar:8.5.16]
	at org.apache.catalina.core.ApplicationFilterChain.doFilter(ApplicationFilterChain.java:166) ~[tomcat-embed-core-8.5.16.jar:8.5.16]
	at org.apache.tomcat.websocket.server.WsFilter.doFilter(WsFilter.java:52) ~[tomcat-embed-websocket-8.5.16.jar:8.5.16]
	at org.apache.catalina.core.ApplicationFilterChain.internalDoFilter(ApplicationFilterChain.java:193) ~[tomcat-embed-core-8.5.16.jar:8.5.16]
	at org.apache.catalina.core.ApplicationFilterChain.doFilter(ApplicationFilterChain.java:166) ~[tomcat-embed-core-8.5.16.jar:8.5.16]
	at org.springframework.web.filter.RequestContextFilter.doFilterInternal(RequestContextFilter.java:99) ~[spring-web-4.3.10.RELEASE.jar:4.3.10.RELEASE]
	at org.springframework.web.filter.OncePerRequestFilter.doFilter(OncePerRequestFilter.java:107) ~[spring-web-4.3.10.RELEASE.jar:4.3.10.RELEASE]
	at org.apache.catalina.core.ApplicationFilterChain.internalDoFilter(ApplicationFilterChain.java:193) ~[tomcat-embed-core-8.5.16.jar:8.5.16]
	at org.apache.catalina.core.ApplicationFilterChain.doFilter(ApplicationFilterChain.java:166) ~[tomcat-embed-core-8.5.16.jar:8.5.16]
	at org.springframework.web.filter.HttpPutFormContentFilter.doFilterInternal(HttpPutFormContentFilter.java:105) ~[spring-web-4.3.10.RELEASE.jar:4.3.10.RELEASE]
	at org.springframework.web.filter.OncePerRequestFilter.doFilter(OncePerRequestFilter.java:107) ~[spring-web-4.3.10.RELEASE.jar:4.3.10.RELEASE]
	at org.apache.catalina.core.ApplicationFilterChain.internalDoFilter(ApplicationFilterChain.java:193) ~[tomcat-embed-core-8.5.16.jar:8.5.16]
	at org.apache.catalina.core.ApplicationFilterChain.doFilter(ApplicationFilterChain.java:166) ~[tomcat-embed-core-8.5.16.jar:8.5.16]
	at org.springframework.web.filter.HiddenHttpMethodFilter.doFilterInternal(HiddenHttpMethodFilter.java:81) ~[spring-web-4.3.10.RELEASE.jar:4.3.10.RELEASE]
	at org.springframework.web.filter.OncePerRequestFilter.doFilter(OncePerRequestFilter.java:107) ~[spring-web-4.3.10.RELEASE.jar:4.3.10.RELEASE]
	at org.apache.catalina.core.ApplicationFilterChain.internalDoFilter(ApplicationFilterChain.java:193) ~[tomcat-embed-core-8.5.16.jar:8.5.16]
	at org.apache.catalina.core.ApplicationFilterChain.doFilter(ApplicationFilterChain.java:166) ~[tomcat-embed-core-8.5.16.jar:8.5.16]
	at org.springframework.web.filter.CharacterEncodingFilter.doFilterInternal(CharacterEncodingFilter.java:197) ~[spring-web-4.3.10.RELEASE.jar:4.3.10.RELEASE]
	at org.springframework.web.filter.OncePerRequestFilter.doFilter(OncePerRequestFilter.java:107) ~[spring-web-4.3.10.RELEASE.jar:4.3.10.RELEASE]
	at org.apache.catalina.core.ApplicationFilterChain.internalDoFilter(ApplicationFilterChain.java:193) ~[tomcat-embed-core-8.5.16.jar:8.5.16]
	at org.apache.catalina.core.ApplicationFilterChain.doFilter(ApplicationFilterChain.java:166) ~[tomcat-embed-core-8.5.16.jar:8.5.16]
	at org.apache.catalina.core.StandardWrapperValve.invoke(StandardWrapperValve.java:198) [tomcat-embed-core-8.5.16.jar:8.5.16]
	at org.apache.catalina.core.StandardContextValve.invoke(StandardContextValve.java:96) [tomcat-embed-core-8.5.16.jar:8.5.16]
	at org.apache.catalina.authenticator.AuthenticatorBase.invoke(AuthenticatorBase.java:478) [tomcat-embed-core-8.5.16.jar:8.5.16]
	at org.apache.catalina.core.StandardHostValve.invoke(StandardHostValve.java:140) [tomcat-embed-core-8.5.16.jar:8.5.16]
	at org.apache.catalina.valves.ErrorReportValve.invoke(ErrorReportValve.java:80) [tomcat-embed-core-8.5.16.jar:8.5.16]
	at org.apache.catalina.core.StandardEngineValve.invoke(StandardEngineValve.java:87) [tomcat-embed-core-8.5.16.jar:8.5.16]
	at org.apache.catalina.connector.CoyoteAdapter.service(CoyoteAdapter.java:342) [tomcat-embed-core-8.5.16.jar:8.5.16]
	at org.apache.coyote.http11.Http11Processor.service(Http11Processor.java:799) [tomcat-embed-core-8.5.16.jar:8.5.16]
	at org.apache.coyote.AbstractProcessorLight.process(AbstractProcessorLight.java:66) [tomcat-embed-core-8.5.16.jar:8.5.16]
	at org.apache.coyote.AbstractProtocol$ConnectionHandler.process(AbstractProtocol.java:868) [tomcat-embed-core-8.5.16.jar:8.5.16]
	at org.apache.tomcat.util.net.NioEndpoint$SocketProcessor.doRun(NioEndpoint.java:1455) [tomcat-embed-core-8.5.16.jar:8.5.16]
	at org.apache.tomcat.util.net.SocketProcessorBase.run(SocketProcessorBase.java:49) [tomcat-embed-core-8.5.16.jar:8.5.16]
	at java.util.concurrent.ThreadPoolExecutor.runWorker(ThreadPoolExecutor.java:1142) [?:1.8.0_121]
	at java.util.concurrent.ThreadPoolExecutor$Worker.run(ThreadPoolExecutor.java:617) [?:1.8.0_121]
	at org.apache.tomcat.util.threads.TaskThread$WrappingRunnable.run(TaskThread.java:61) [tomcat-embed-core-8.5.16.jar:8.5.16]
	at java.lang.Thread.run(Thread.java:745) [?:1.8.0_121]
[10:52:31:581] [INFO] -  - Starting Application on henry-PC with PID 4436 (C:\D\Workspaces_mar_last\springboot1\target\classes started by Administrator in C:\D\Workspaces_mar_last\springboot1)
[10:52:31:585] [INFO] -  - No active profile set, falling back to default profiles: default
[10:52:34:378] [INFO] -  - Started Application in 2.978 seconds (JVM running for 5.736)
[11:02:52:822] [INFO] -  - Starting Application on henry-PC with PID 6656 (C:\D\Workspaces_mar_last\springboot1\target\classes started by Administrator in C:\D\Workspaces_mar_last\springboot1)
[11:02:52:827] [INFO] -  - No active profile set, falling back to default profiles: default
[11:02:55:559] [INFO] -  - Started Application in 2.935 seconds (JVM running for 5.661)
[11:04:58:301] [INFO] -  - Starting Application on henry-PC with PID 1816 (C:\D\Workspaces_mar_last\springboot1\target\classes started by Administrator in C:\D\Workspaces_mar_last\springboot1)
[11:04:58:306] [INFO] -  - No active profile set, falling back to default profiles: default
[11:05:01:210] [INFO] -  - Started Application in 3.098 seconds (JVM running for 5.809)
[11:06:37:123] [INFO] -  - Starting Application on henry-PC with PID 4572 (C:\D\Workspaces_mar_last\springboot1\target\classes started by Administrator in C:\D\Workspaces_mar_last\springboot1)
[11:06:37:127] [INFO] -  - No active profile set, falling back to default profiles: default
[11:06:40:319] [INFO] -  - Started Application in 3.395 seconds (JVM running for 6.138)
[11:11:12:747] [INFO] -  - Starting Application on henry-PC with PID 6376 (C:\D\Workspaces_mar_last\springboot1-tools\target\classes started by Administrator in C:\D\Workspaces_mar_last\springboot1-tools)
[11:11:12:751] [INFO] -  - No active profile set, falling back to default profiles: default
[11:11:15:618] [INFO] -  - Started Application in 3.071 seconds (JVM running for 6.558)
[11:12:17:157] [INFO] -  - Starting Application on henry-PC with PID 8092 (C:\D\Workspaces_mar_last\springboot1-tools\target\classes started by Administrator in C:\D\Workspaces_mar_last\springboot1-tools)
[11:12:17:161] [INFO] -  - No active profile set, falling back to default profiles: default
[11:12:19:886] [INFO] -  - Started Application in 2.907 seconds (JVM running for 5.665)
[11:13:25:416] [INFO] -  - Starting Application on henry-PC with PID 4752 (C:\D\Workspaces_mar_last\springboot1-tools\target\classes started by Administrator in C:\D\Workspaces_mar_last\springboot1-tools)
[11:13:25:420] [INFO] -  - No active profile set, falling back to default profiles: default
[11:13:28:410] [INFO] -  - Started Application in 3.183 seconds (JVM running for 6.055)
[11:15:07:316] [INFO] -  - Starting Application on henry-PC with PID 1828 (C:\D\Workspaces_mar_last\springboot1-tools\target\classes started by Administrator in C:\D\Workspaces_mar_last\springboot1-tools)
[11:15:07:320] [INFO] -  - No active profile set, falling back to default profiles: default
[11:15:10:186] [INFO] -  - Started Application in 3.068 seconds (JVM running for 5.859)
[11:17:00:732] [INFO] -  - Starting Application on henry-PC with PID 980 (C:\D\Workspaces_mar_last\springboot1-tools\target\classes started by Administrator in C:\D\Workspaces_mar_last\springboot1-tools)
[11:17:00:736] [INFO] -  - No active profile set, falling back to default profiles: default
[11:17:03:568] [INFO] -  - Started Application in 3.014 seconds (JVM running for 5.931)
[11:20:56:845] [INFO] -  - Starting Application on henry-PC with PID 6264 (C:\D\Workspaces_mar_last\springboot1-tools\target\classes started by Administrator in C:\D\Workspaces_mar_last\springboot1-tools)
[11:20:56:849] [INFO] -  - No active profile set, falling back to default profiles: default
[11:20:59:603] [ERROR] -  - Failed to start end point associated with ProtocolHandler ["http-nio-9090"]
java.net.BindException: Address already in use: bind
	at sun.nio.ch.Net.bind0(Native Method) ~[?:1.8.0_121]
	at sun.nio.ch.Net.bind(Net.java:433) ~[?:1.8.0_121]
	at sun.nio.ch.Net.bind(Net.java:425) ~[?:1.8.0_121]
	at sun.nio.ch.ServerSocketChannelImpl.bind(ServerSocketChannelImpl.java:223) ~[?:1.8.0_121]
	at sun.nio.ch.ServerSocketAdaptor.bind(ServerSocketAdaptor.java:74) ~[?:1.8.0_121]
	at org.apache.tomcat.util.net.NioEndpoint.bind(NioEndpoint.java:210) ~[tomcat-embed-core-8.5.16.jar:8.5.16]
	at org.apache.tomcat.util.net.AbstractEndpoint.start(AbstractEndpoint.java:990) ~[tomcat-embed-core-8.5.16.jar:8.5.16]
	at org.apache.coyote.AbstractProtocol.start(AbstractProtocol.java:635) [tomcat-embed-core-8.5.16.jar:8.5.16]
	at org.apache.catalina.connector.Connector.startInternal(Connector.java:1022) [tomcat-embed-core-8.5.16.jar:8.5.16]
	at org.apache.catalina.util.LifecycleBase.start(LifecycleBase.java:150) [tomcat-embed-core-8.5.16.jar:8.5.16]
	at org.apache.catalina.core.StandardService.addConnector(StandardService.java:225) [tomcat-embed-core-8.5.16.jar:8.5.16]
	at org.springframework.boot.context.embedded.tomcat.TomcatEmbeddedServletContainer.addPreviouslyRemovedConnectors(TomcatEmbeddedServletContainer.java:250) [spring-boot-1.5.6.RELEASE.jar:1.5.6.RELEASE]
	at org.springframework.boot.context.embedded.tomcat.TomcatEmbeddedServletContainer.start(TomcatEmbeddedServletContainer.java:193) [spring-boot-1.5.6.RELEASE.jar:1.5.6.RELEASE]
	at org.springframework.boot.context.embedded.EmbeddedWebApplicationContext.startEmbeddedServletContainer(EmbeddedWebApplicationContext.java:297) [spring-boot-1.5.6.RELEASE.jar:1.5.6.RELEASE]
	at org.springframework.boot.context.embedded.EmbeddedWebApplicationContext.finishRefresh(EmbeddedWebApplicationContext.java:145) [spring-boot-1.5.6.RELEASE.jar:1.5.6.RELEASE]
	at org.springframework.context.support.AbstractApplicationContext.refresh(AbstractApplicationContext.java:546) [spring-context-4.3.10.RELEASE.jar:4.3.10.RELEASE]
	at org.springframework.boot.context.embedded.EmbeddedWebApplicationContext.refresh(EmbeddedWebApplicationContext.java:122) [spring-boot-1.5.6.RELEASE.jar:1.5.6.RELEASE]
	at org.springframework.boot.SpringApplication.refresh(SpringApplication.java:693) [spring-boot-1.5.6.RELEASE.jar:1.5.6.RELEASE]
	at org.springframework.boot.SpringApplication.refreshContext(SpringApplication.java:360) [spring-boot-1.5.6.RELEASE.jar:1.5.6.RELEASE]
	at org.springframework.boot.SpringApplication.run(SpringApplication.java:303) [spring-boot-1.5.6.RELEASE.jar:1.5.6.RELEASE]
	at org.springframework.boot.SpringApplication.run(SpringApplication.java:1118) [spring-boot-1.5.6.RELEASE.jar:1.5.6.RELEASE]
	at org.springframework.boot.SpringApplication.run(SpringApplication.java:1107) [spring-boot-1.5.6.RELEASE.jar:1.5.6.RELEASE]
	at org.henry.springboot1.Application.main(Application.java:11) [classes/:?]
	at sun.reflect.NativeMethodAccessorImpl.invoke0(Native Method) ~[?:1.8.0_121]
	at sun.reflect.NativeMethodAccessorImpl.invoke(NativeMethodAccessorImpl.java:62) ~[?:1.8.0_121]
	at sun.reflect.DelegatingMethodAccessorImpl.invoke(DelegatingMethodAccessorImpl.java:43) ~[?:1.8.0_121]
	at java.lang.reflect.Method.invoke(Method.java:498) ~[?:1.8.0_121]
	at org.springframework.boot.maven.AbstractRunMojo$LaunchRunner.run(AbstractRunMojo.java:527) [spring-boot-maven-plugin-1.5.6.RELEASE.jar:1.5.6.RELEASE]
	at java.lang.Thread.run(Thread.java:745) [?:1.8.0_121]
[11:20:59:609] [ERROR] -  - Failed to start connector [Connector[HTTP/1.1-9090]]
org.apache.catalina.LifecycleException: Failed to start component [Connector[HTTP/1.1-9090]]
	at org.apache.catalina.util.LifecycleBase.start(LifecycleBase.java:167) ~[tomcat-embed-core-8.5.16.jar:8.5.16]
	at org.apache.catalina.core.StandardService.addConnector(StandardService.java:225) [tomcat-embed-core-8.5.16.jar:8.5.16]
	at org.springframework.boot.context.embedded.tomcat.TomcatEmbeddedServletContainer.addPreviouslyRemovedConnectors(TomcatEmbeddedServletContainer.java:250) [spring-boot-1.5.6.RELEASE.jar:1.5.6.RELEASE]
	at org.springframework.boot.context.embedded.tomcat.TomcatEmbeddedServletContainer.start(TomcatEmbeddedServletContainer.java:193) [spring-boot-1.5.6.RELEASE.jar:1.5.6.RELEASE]
	at org.springframework.boot.context.embedded.EmbeddedWebApplicationContext.startEmbeddedServletContainer(EmbeddedWebApplicationContext.java:297) [spring-boot-1.5.6.RELEASE.jar:1.5.6.RELEASE]
	at org.springframework.boot.context.embedded.EmbeddedWebApplicationContext.finishRefresh(EmbeddedWebApplicationContext.java:145) [spring-boot-1.5.6.RELEASE.jar:1.5.6.RELEASE]
	at org.springframework.context.support.AbstractApplicationContext.refresh(AbstractApplicationContext.java:546) [spring-context-4.3.10.RELEASE.jar:4.3.10.RELEASE]
	at org.springframework.boot.context.embedded.EmbeddedWebApplicationContext.refresh(EmbeddedWebApplicationContext.java:122) [spring-boot-1.5.6.RELEASE.jar:1.5.6.RELEASE]
	at org.springframework.boot.SpringApplication.refresh(SpringApplication.java:693) [spring-boot-1.5.6.RELEASE.jar:1.5.6.RELEASE]
	at org.springframework.boot.SpringApplication.refreshContext(SpringApplication.java:360) [spring-boot-1.5.6.RELEASE.jar:1.5.6.RELEASE]
	at org.springframework.boot.SpringApplication.run(SpringApplication.java:303) [spring-boot-1.5.6.RELEASE.jar:1.5.6.RELEASE]
	at org.springframework.boot.SpringApplication.run(SpringApplication.java:1118) [spring-boot-1.5.6.RELEASE.jar:1.5.6.RELEASE]
	at org.springframework.boot.SpringApplication.run(SpringApplication.java:1107) [spring-boot-1.5.6.RELEASE.jar:1.5.6.RELEASE]
	at org.henry.springboot1.Application.main(Application.java:11) [classes/:?]
	at sun.reflect.NativeMethodAccessorImpl.invoke0(Native Method) ~[?:1.8.0_121]
	at sun.reflect.NativeMethodAccessorImpl.invoke(NativeMethodAccessorImpl.java:62) ~[?:1.8.0_121]
	at sun.reflect.DelegatingMethodAccessorImpl.invoke(DelegatingMethodAccessorImpl.java:43) ~[?:1.8.0_121]
	at java.lang.reflect.Method.invoke(Method.java:498) ~[?:1.8.0_121]
	at org.springframework.boot.maven.AbstractRunMojo$LaunchRunner.run(AbstractRunMojo.java:527) [spring-boot-maven-plugin-1.5.6.RELEASE.jar:1.5.6.RELEASE]
	at java.lang.Thread.run(Thread.java:745) [?:1.8.0_121]
Caused by: org.apache.catalina.LifecycleException: service.getName(): "Tomcat";  Protocol handler start failed
	at org.apache.catalina.connector.Connector.startInternal(Connector.java:1029) ~[tomcat-embed-core-8.5.16.jar:8.5.16]
	at org.apache.catalina.util.LifecycleBase.start(LifecycleBase.java:150) ~[tomcat-embed-core-8.5.16.jar:8.5.16]
	... 19 more
Caused by: java.net.BindException: Address already in use: bind
	at sun.nio.ch.Net.bind0(Native Method) ~[?:1.8.0_121]
	at sun.nio.ch.Net.bind(Net.java:433) ~[?:1.8.0_121]
	at sun.nio.ch.Net.bind(Net.java:425) ~[?:1.8.0_121]
	at sun.nio.ch.ServerSocketChannelImpl.bind(ServerSocketChannelImpl.java:223) ~[?:1.8.0_121]
	at sun.nio.ch.ServerSocketAdaptor.bind(ServerSocketAdaptor.java:74) ~[?:1.8.0_121]
	at org.apache.tomcat.util.net.NioEndpoint.bind(NioEndpoint.java:210) ~[tomcat-embed-core-8.5.16.jar:8.5.16]
	at org.apache.tomcat.util.net.AbstractEndpoint.start(AbstractEndpoint.java:990) ~[tomcat-embed-core-8.5.16.jar:8.5.16]
	at org.apache.coyote.AbstractProtocol.start(AbstractProtocol.java:635) ~[tomcat-embed-core-8.5.16.jar:8.5.16]
	at org.apache.catalina.connector.Connector.startInternal(Connector.java:1022) ~[tomcat-embed-core-8.5.16.jar:8.5.16]
	at org.apache.catalina.util.LifecycleBase.start(LifecycleBase.java:150) ~[tomcat-embed-core-8.5.16.jar:8.5.16]
	... 19 more
[11:20:59:639] [ERROR] -  - 

***************************
APPLICATION FAILED TO START
***************************

Description:

The Tomcat connector configured to listen on port 9090 failed to start. The port may already be in use or the connector may be misconfigured.

Action:

Verify the connector's configuration, identify and stop any process that's listening on port 9090, or configure this application to listen on another port.

[11:21:57:497] [INFO] -  - Starting Application on henry-PC with PID 7116 (C:\D\Workspaces_mar_last\springboot1-tools\target\classes started by Administrator in C:\D\Workspaces_mar_last\springboot1-tools)
[11:21:57:504] [INFO] -  - No active profile set, falling back to default profiles: default
[11:22:00:301] [INFO] -  - Started Application in 2.999 seconds (JVM running for 6.395)
[11:29:51:544] [INFO] -  - Starting Application on henry-PC with PID 7900 (C:\D\Workspaces_mar_last\springboot1-tools\target\classes started by Administrator in C:\D\Workspaces_mar_last\springboot1-tools)
[11:29:51:549] [INFO] -  - No active profile set, falling back to default profiles: default
[11:29:54:469] [INFO] -  - Started Application in 3.132 seconds (JVM running for 6.693)
[13:01:25:349] [INFO] -  - Starting Application on henry-PC with PID 1188 (C:\D\Workspaces_mar_last\springboot1-tools\target\classes started by Administrator in C:\D\Workspaces_mar_last\springboot1-tools)
[13:01:25:353] [INFO] -  - No active profile set, falling back to default profiles: default
[13:01:28:199] [INFO] -  - Started Application in 3.045 seconds (JVM running for 7.254)
[13:02:52:478] [INFO] -  - Starting Application on henry-PC with PID 8628 (C:\D\Workspaces_mar_last\springboot1-tools\target\classes started by Administrator in C:\D\Workspaces_mar_last\springboot1-tools)
[13:02:52:482] [INFO] -  - No active profile set, falling back to default profiles: default
[13:02:55:398] [INFO] -  - Started Application in 3.117 seconds (JVM running for 6.878)
[13:09:12:003] [INFO] -  - Starting Application on henry-PC with PID 9056 (C:\D\Workspaces_mar_last\springboot1-tools\target\classes started by Administrator in C:\D\Workspaces_mar_last\springboot1-tools)
[13:09:12:009] [INFO] -  - No active profile set, falling back to default profiles: default
[13:09:14:969] [INFO] -  - Started Application in 3.159 seconds (JVM running for 6.717)
[13:12:06:852] [INFO] -  - Starting Application on henry-PC with PID 8580 (C:\D\Workspaces_mar_last\springboot1-tools\target\classes started by Administrator in C:\D\Workspaces_mar_last\springboot1-tools)
[13:12:06:857] [INFO] -  - No active profile set, falling back to default profiles: default
[13:12:09:788] [INFO] -  - Started Application in 3.138 seconds (JVM running for 6.695)
[13:18:41:506] [INFO] -  - Starting Application on henry-PC with PID 10076 (C:\D\Workspaces_mar_last\springboot1-tools\target\classes started by Administrator in C:\D\Workspaces_mar_last\springboot1-tools)
[13:18:41:510] [INFO] -  - No active profile set, falling back to default profiles: default
[13:18:44:775] [INFO] -  - Started Application in 3.488 seconds (JVM running for 7.215)
[13:24:23:315] [INFO] -  - Starting Application on henry-PC with PID 9132 (C:\D\Workspaces_mar_last\springboot1-tools\target\classes started by Administrator in C:\D\Workspaces_mar_last\springboot1-tools)
[13:24:23:321] [INFO] -  - No active profile set, falling back to default profiles: default
[13:24:26:242] [INFO] -  - Started Application in 3.127 seconds (JVM running for 6.52)
[13:24:31:673] [ERROR] -  - [THYMELEAF][http-nio-8686-exec-1] Fatal error during parsing
org.xml.sax.SAXParseException: 元素类型 "link" 必须由匹配的结束标记 "</link>" 终止。
	at com.sun.org.apache.xerces.internal.util.ErrorHandlerWrapper.createSAXParseException(ErrorHandlerWrapper.java:203) ~[?:1.8.0_121]
	at com.sun.org.apache.xerces.internal.util.ErrorHandlerWrapper.fatalError(ErrorHandlerWrapper.java:177) [?:1.8.0_121]
	at com.sun.org.apache.xerces.internal.impl.XMLErrorReporter.reportError(XMLErrorReporter.java:400) [?:1.8.0_121]
	at com.sun.org.apache.xerces.internal.impl.XMLErrorReporter.reportError(XMLErrorReporter.java:327) [?:1.8.0_121]
	at com.sun.org.apache.xerces.internal.impl.XMLScanner.reportFatalError(XMLScanner.java:1472) [?:1.8.0_121]
	at com.sun.org.apache.xerces.internal.impl.XMLDocumentFragmentScannerImpl.scanEndElement(XMLDocumentFragmentScannerImpl.java:1749) [?:1.8.0_121]
	at com.sun.org.apache.xerces.internal.impl.XMLDocumentFragmentScannerImpl$FragmentContentDriver.next(XMLDocumentFragmentScannerImpl.java:2967) [?:1.8.0_121]
	at com.sun.org.apache.xerces.internal.impl.XMLDocumentScannerImpl.next(XMLDocumentScannerImpl.java:602) [?:1.8.0_121]
	at com.sun.org.apache.xerces.internal.impl.XMLDocumentFragmentScannerImpl.scanDocument(XMLDocumentFragmentScannerImpl.java:505) [?:1.8.0_121]
	at com.sun.org.apache.xerces.internal.parsers.XML11Configuration.parse(XML11Configuration.java:841) [?:1.8.0_121]
	at com.sun.org.apache.xerces.internal.parsers.XML11Configuration.parse(XML11Configuration.java:770) [?:1.8.0_121]
	at com.sun.org.apache.xerces.internal.parsers.XMLParser.parse(XMLParser.java:141) [?:1.8.0_121]
	at com.sun.org.apache.xerces.internal.parsers.AbstractSAXParser.parse(AbstractSAXParser.java:1213) [?:1.8.0_121]
	at com.sun.org.apache.xerces.internal.jaxp.SAXParserImpl$JAXPSAXParser.parse(SAXParserImpl.java:643) [?:1.8.0_121]
	at com.sun.org.apache.xerces.internal.jaxp.SAXParserImpl.parse(SAXParserImpl.java:327) [?:1.8.0_121]
	at org.thymeleaf.templateparser.xmlsax.AbstractNonValidatingSAXTemplateParser.doParse(AbstractNonValidatingSAXTemplateParser.java:209) [thymeleaf-2.1.5.RELEASE.jar:2.1.5.RELEASE]
	at org.thymeleaf.templateparser.xmlsax.AbstractNonValidatingSAXTemplateParser.parseTemplateUsingPool(AbstractNonValidatingSAXTemplateParser.java:134) [thymeleaf-2.1.5.RELEASE.jar:2.1.5.RELEASE]
	at org.thymeleaf.templateparser.xmlsax.AbstractNonValidatingSAXTemplateParser.parseTemplate(AbstractNonValidatingSAXTemplateParser.java:116) [thymeleaf-2.1.5.RELEASE.jar:2.1.5.RELEASE]
	at org.thymeleaf.TemplateRepository.getTemplate(TemplateRepository.java:278) [thymeleaf-2.1.5.RELEASE.jar:2.1.5.RELEASE]
	at org.thymeleaf.TemplateEngine.process(TemplateEngine.java:1104) [thymeleaf-2.1.5.RELEASE.jar:2.1.5.RELEASE]
	at org.thymeleaf.TemplateEngine.process(TemplateEngine.java:1060) [thymeleaf-2.1.5.RELEASE.jar:2.1.5.RELEASE]
	at org.thymeleaf.TemplateEngine.process(TemplateEngine.java:1011) [thymeleaf-2.1.5.RELEASE.jar:2.1.5.RELEASE]
	at org.thymeleaf.spring4.view.ThymeleafView.renderFragment(ThymeleafView.java:335) [thymeleaf-spring4-2.1.5.RELEASE.jar:2.1.5.RELEASE]
	at org.thymeleaf.spring4.view.ThymeleafView.render(ThymeleafView.java:190) [thymeleaf-spring4-2.1.5.RELEASE.jar:2.1.5.RELEASE]
	at org.springframework.web.servlet.DispatcherServlet.render(DispatcherServlet.java:1286) [spring-webmvc-4.3.10.RELEASE.jar:4.3.10.RELEASE]
	at org.springframework.web.servlet.DispatcherServlet.processDispatchResult(DispatcherServlet.java:1041) [spring-webmvc-4.3.10.RELEASE.jar:4.3.10.RELEASE]
	at org.springframework.web.servlet.DispatcherServlet.doDispatch(DispatcherServlet.java:984) [spring-webmvc-4.3.10.RELEASE.jar:4.3.10.RELEASE]
	at org.springframework.web.servlet.DispatcherServlet.doService(DispatcherServlet.java:901) [spring-webmvc-4.3.10.RELEASE.jar:4.3.10.RELEASE]
	at org.springframework.web.servlet.FrameworkServlet.processRequest(FrameworkServlet.java:970) [spring-webmvc-4.3.10.RELEASE.jar:4.3.10.RELEASE]
	at org.springframework.web.servlet.FrameworkServlet.doGet(FrameworkServlet.java:861) [spring-webmvc-4.3.10.RELEASE.jar:4.3.10.RELEASE]
	at javax.servlet.http.HttpServlet.service(HttpServlet.java:635) [tomcat-embed-core-8.5.16.jar:8.5.16]
	at org.springframework.web.servlet.FrameworkServlet.service(FrameworkServlet.java:846) [spring-webmvc-4.3.10.RELEASE.jar:4.3.10.RELEASE]
	at javax.servlet.http.HttpServlet.service(HttpServlet.java:742) [tomcat-embed-core-8.5.16.jar:8.5.16]
	at org.apache.catalina.core.ApplicationFilterChain.internalDoFilter(ApplicationFilterChain.java:231) [tomcat-embed-core-8.5.16.jar:8.5.16]
	at org.apache.catalina.core.ApplicationFilterChain.doFilter(ApplicationFilterChain.java:166) [tomcat-embed-core-8.5.16.jar:8.5.16]
	at org.apache.tomcat.websocket.server.WsFilter.doFilter(WsFilter.java:52) [tomcat-embed-websocket-8.5.16.jar:8.5.16]
	at org.apache.catalina.core.ApplicationFilterChain.internalDoFilter(ApplicationFilterChain.java:193) [tomcat-embed-core-8.5.16.jar:8.5.16]
	at org.apache.catalina.core.ApplicationFilterChain.doFilter(ApplicationFilterChain.java:166) [tomcat-embed-core-8.5.16.jar:8.5.16]
	at org.springframework.web.filter.RequestContextFilter.doFilterInternal(RequestContextFilter.java:99) [spring-web-4.3.10.RELEASE.jar:4.3.10.RELEASE]
	at org.springframework.web.filter.OncePerRequestFilter.doFilter(OncePerRequestFilter.java:107) [spring-web-4.3.10.RELEASE.jar:4.3.10.RELEASE]
	at org.apache.catalina.core.ApplicationFilterChain.internalDoFilter(ApplicationFilterChain.java:193) [tomcat-embed-core-8.5.16.jar:8.5.16]
	at org.apache.catalina.core.ApplicationFilterChain.doFilter(ApplicationFilterChain.java:166) [tomcat-embed-core-8.5.16.jar:8.5.16]
	at org.springframework.web.filter.HttpPutFormContentFilter.doFilterInternal(HttpPutFormContentFilter.java:105) [spring-web-4.3.10.RELEASE.jar:4.3.10.RELEASE]
	at org.springframework.web.filter.OncePerRequestFilter.doFilter(OncePerRequestFilter.java:107) [spring-web-4.3.10.RELEASE.jar:4.3.10.RELEASE]
	at org.apache.catalina.core.ApplicationFilterChain.internalDoFilter(ApplicationFilterChain.java:193) [tomcat-embed-core-8.5.16.jar:8.5.16]
	at org.apache.catalina.core.ApplicationFilterChain.doFilter(ApplicationFilterChain.java:166) [tomcat-embed-core-8.5.16.jar:8.5.16]
	at org.springframework.web.filter.HiddenHttpMethodFilter.doFilterInternal(HiddenHttpMethodFilter.java:81) [spring-web-4.3.10.RELEASE.jar:4.3.10.RELEASE]
	at org.springframework.web.filter.OncePerRequestFilter.doFilter(OncePerRequestFilter.java:107) [spring-web-4.3.10.RELEASE.jar:4.3.10.RELEASE]
	at org.apache.catalina.core.ApplicationFilterChain.internalDoFilter(ApplicationFilterChain.java:193) [tomcat-embed-core-8.5.16.jar:8.5.16]
	at org.apache.catalina.core.ApplicationFilterChain.doFilter(ApplicationFilterChain.java:166) [tomcat-embed-core-8.5.16.jar:8.5.16]
	at org.springframework.web.filter.CharacterEncodingFilter.doFilterInternal(CharacterEncodingFilter.java:197) [spring-web-4.3.10.RELEASE.jar:4.3.10.RELEASE]
	at org.springframework.web.filter.OncePerRequestFilter.doFilter(OncePerRequestFilter.java:107) [spring-web-4.3.10.RELEASE.jar:4.3.10.RELEASE]
	at org.apache.catalina.core.ApplicationFilterChain.internalDoFilter(ApplicationFilterChain.java:193) [tomcat-embed-core-8.5.16.jar:8.5.16]
	at org.apache.catalina.core.ApplicationFilterChain.doFilter(ApplicationFilterChain.java:166) [tomcat-embed-core-8.5.16.jar:8.5.16]
	at org.apache.catalina.core.StandardWrapperValve.invoke(StandardWrapperValve.java:198) [tomcat-embed-core-8.5.16.jar:8.5.16]
	at org.apache.catalina.core.StandardContextValve.invoke(StandardContextValve.java:96) [tomcat-embed-core-8.5.16.jar:8.5.16]
	at org.apache.catalina.authenticator.AuthenticatorBase.invoke(AuthenticatorBase.java:478) [tomcat-embed-core-8.5.16.jar:8.5.16]
	at org.apache.catalina.core.StandardHostValve.invoke(StandardHostValve.java:140) [tomcat-embed-core-8.5.16.jar:8.5.16]
	at org.apache.catalina.valves.ErrorReportValve.invoke(ErrorReportValve.java:80) [tomcat-embed-core-8.5.16.jar:8.5.16]
	at org.apache.catalina.core.StandardEngineValve.invoke(StandardEngineValve.java:87) [tomcat-embed-core-8.5.16.jar:8.5.16]
	at org.apache.catalina.connector.CoyoteAdapter.service(CoyoteAdapter.java:342) [tomcat-embed-core-8.5.16.jar:8.5.16]
	at org.apache.coyote.http11.Http11Processor.service(Http11Processor.java:799) [tomcat-embed-core-8.5.16.jar:8.5.16]
	at org.apache.coyote.AbstractProcessorLight.process(AbstractProcessorLight.java:66) [tomcat-embed-core-8.5.16.jar:8.5.16]
	at org.apache.coyote.AbstractProtocol$ConnectionHandler.process(AbstractProtocol.java:868) [tomcat-embed-core-8.5.16.jar:8.5.16]
	at org.apache.tomcat.util.net.NioEndpoint$SocketProcessor.doRun(NioEndpoint.java:1455) [tomcat-embed-core-8.5.16.jar:8.5.16]
	at org.apache.tomcat.util.net.SocketProcessorBase.run(SocketProcessorBase.java:49) [tomcat-embed-core-8.5.16.jar:8.5.16]
	at java.util.concurrent.ThreadPoolExecutor.runWorker(ThreadPoolExecutor.java:1142) [?:1.8.0_121]
	at java.util.concurrent.ThreadPoolExecutor$Worker.run(ThreadPoolExecutor.java:617) [?:1.8.0_121]
	at org.apache.tomcat.util.threads.TaskThread$WrappingRunnable.run(TaskThread.java:61) [tomcat-embed-core-8.5.16.jar:8.5.16]
	at java.lang.Thread.run(Thread.java:745) [?:1.8.0_121]
[13:24:31:681] [ERROR] -  - [THYMELEAF][http-nio-8686-exec-1] Exception processing template "template": Exception parsing document: template="template", line 24 - column 3
[13:24:31:682] [ERROR] -  - Servlet.service() for servlet [dispatcherServlet] in context with path [] threw exception [Request processing failed; nested exception is org.thymeleaf.exceptions.TemplateInputException: Exception parsing document: template="template", line 24 - column 3] with root cause
org.xml.sax.SAXParseException: 元素类型 "link" 必须由匹配的结束标记 "</link>" 终止。
	at com.sun.org.apache.xerces.internal.util.ErrorHandlerWrapper.createSAXParseException(ErrorHandlerWrapper.java:203) ~[?:1.8.0_121]
	at com.sun.org.apache.xerces.internal.util.ErrorHandlerWrapper.fatalError(ErrorHandlerWrapper.java:177) ~[?:1.8.0_121]
	at com.sun.org.apache.xerces.internal.impl.XMLErrorReporter.reportError(XMLErrorReporter.java:400) ~[?:1.8.0_121]
	at com.sun.org.apache.xerces.internal.impl.XMLErrorReporter.reportError(XMLErrorReporter.java:327) ~[?:1.8.0_121]
	at com.sun.org.apache.xerces.internal.impl.XMLScanner.reportFatalError(XMLScanner.java:1472) ~[?:1.8.0_121]
	at com.sun.org.apache.xerces.internal.impl.XMLDocumentFragmentScannerImpl.scanEndElement(XMLDocumentFragmentScannerImpl.java:1749) ~[?:1.8.0_121]
	at com.sun.org.apache.xerces.internal.impl.XMLDocumentFragmentScannerImpl$FragmentContentDriver.next(XMLDocumentFragmentScannerImpl.java:2967) ~[?:1.8.0_121]
	at com.sun.org.apache.xerces.internal.impl.XMLDocumentScannerImpl.next(XMLDocumentScannerImpl.java:602) ~[?:1.8.0_121]
	at com.sun.org.apache.xerces.internal.impl.XMLDocumentFragmentScannerImpl.scanDocument(XMLDocumentFragmentScannerImpl.java:505) ~[?:1.8.0_121]
	at com.sun.org.apache.xerces.internal.parsers.XML11Configuration.parse(XML11Configuration.java:841) ~[?:1.8.0_121]
	at com.sun.org.apache.xerces.internal.parsers.XML11Configuration.parse(XML11Configuration.java:770) ~[?:1.8.0_121]
	at com.sun.org.apache.xerces.internal.parsers.XMLParser.parse(XMLParser.java:141) ~[?:1.8.0_121]
	at com.sun.org.apache.xerces.internal.parsers.AbstractSAXParser.parse(AbstractSAXParser.java:1213) ~[?:1.8.0_121]
	at com.sun.org.apache.xerces.internal.jaxp.SAXParserImpl$JAXPSAXParser.parse(SAXParserImpl.java:643) ~[?:1.8.0_121]
	at com.sun.org.apache.xerces.internal.jaxp.SAXParserImpl.parse(SAXParserImpl.java:327) ~[?:1.8.0_121]
	at org.thymeleaf.templateparser.xmlsax.AbstractNonValidatingSAXTemplateParser.doParse(AbstractNonValidatingSAXTemplateParser.java:209) ~[thymeleaf-2.1.5.RELEASE.jar:2.1.5.RELEASE]
	at org.thymeleaf.templateparser.xmlsax.AbstractNonValidatingSAXTemplateParser.parseTemplateUsingPool(AbstractNonValidatingSAXTemplateParser.java:134) ~[thymeleaf-2.1.5.RELEASE.jar:2.1.5.RELEASE]
	at org.thymeleaf.templateparser.xmlsax.AbstractNonValidatingSAXTemplateParser.parseTemplate(AbstractNonValidatingSAXTemplateParser.java:116) ~[thymeleaf-2.1.5.RELEASE.jar:2.1.5.RELEASE]
	at org.thymeleaf.TemplateRepository.getTemplate(TemplateRepository.java:278) ~[thymeleaf-2.1.5.RELEASE.jar:2.1.5.RELEASE]
	at org.thymeleaf.TemplateEngine.process(TemplateEngine.java:1104) ~[thymeleaf-2.1.5.RELEASE.jar:2.1.5.RELEASE]
	at org.thymeleaf.TemplateEngine.process(TemplateEngine.java:1060) ~[thymeleaf-2.1.5.RELEASE.jar:2.1.5.RELEASE]
	at org.thymeleaf.TemplateEngine.process(TemplateEngine.java:1011) ~[thymeleaf-2.1.5.RELEASE.jar:2.1.5.RELEASE]
	at org.thymeleaf.spring4.view.ThymeleafView.renderFragment(ThymeleafView.java:335) ~[thymeleaf-spring4-2.1.5.RELEASE.jar:2.1.5.RELEASE]
	at org.thymeleaf.spring4.view.ThymeleafView.render(ThymeleafView.java:190) ~[thymeleaf-spring4-2.1.5.RELEASE.jar:2.1.5.RELEASE]
	at org.springframework.web.servlet.DispatcherServlet.render(DispatcherServlet.java:1286) ~[spring-webmvc-4.3.10.RELEASE.jar:4.3.10.RELEASE]
	at org.springframework.web.servlet.DispatcherServlet.processDispatchResult(DispatcherServlet.java:1041) ~[spring-webmvc-4.3.10.RELEASE.jar:4.3.10.RELEASE]
	at org.springframework.web.servlet.DispatcherServlet.doDispatch(DispatcherServlet.java:984) ~[spring-webmvc-4.3.10.RELEASE.jar:4.3.10.RELEASE]
	at org.springframework.web.servlet.DispatcherServlet.doService(DispatcherServlet.java:901) ~[spring-webmvc-4.3.10.RELEASE.jar:4.3.10.RELEASE]
	at org.springframework.web.servlet.FrameworkServlet.processRequest(FrameworkServlet.java:970) ~[spring-webmvc-4.3.10.RELEASE.jar:4.3.10.RELEASE]
	at org.springframework.web.servlet.FrameworkServlet.doGet(FrameworkServlet.java:861) ~[spring-webmvc-4.3.10.RELEASE.jar:4.3.10.RELEASE]
	at javax.servlet.http.HttpServlet.service(HttpServlet.java:635) ~[tomcat-embed-core-8.5.16.jar:8.5.16]
	at org.springframework.web.servlet.FrameworkServlet.service(FrameworkServlet.java:846) ~[spring-webmvc-4.3.10.RELEASE.jar:4.3.10.RELEASE]
	at javax.servlet.http.HttpServlet.service(HttpServlet.java:742) ~[tomcat-embed-core-8.5.16.jar:8.5.16]
	at org.apache.catalina.core.ApplicationFilterChain.internalDoFilter(ApplicationFilterChain.java:231) ~[tomcat-embed-core-8.5.16.jar:8.5.16]
	at org.apache.catalina.core.ApplicationFilterChain.doFilter(ApplicationFilterChain.java:166) ~[tomcat-embed-core-8.5.16.jar:8.5.16]
	at org.apache.tomcat.websocket.server.WsFilter.doFilter(WsFilter.java:52) ~[tomcat-embed-websocket-8.5.16.jar:8.5.16]
	at org.apache.catalina.core.ApplicationFilterChain.internalDoFilter(ApplicationFilterChain.java:193) ~[tomcat-embed-core-8.5.16.jar:8.5.16]
	at org.apache.catalina.core.ApplicationFilterChain.doFilter(ApplicationFilterChain.java:166) ~[tomcat-embed-core-8.5.16.jar:8.5.16]
	at org.springframework.web.filter.RequestContextFilter.doFilterInternal(RequestContextFilter.java:99) ~[spring-web-4.3.10.RELEASE.jar:4.3.10.RELEASE]
	at org.springframework.web.filter.OncePerRequestFilter.doFilter(OncePerRequestFilter.java:107) ~[spring-web-4.3.10.RELEASE.jar:4.3.10.RELEASE]
	at org.apache.catalina.core.ApplicationFilterChain.internalDoFilter(ApplicationFilterChain.java:193) ~[tomcat-embed-core-8.5.16.jar:8.5.16]
	at org.apache.catalina.core.ApplicationFilterChain.doFilter(ApplicationFilterChain.java:166) ~[tomcat-embed-core-8.5.16.jar:8.5.16]
	at org.springframework.web.filter.HttpPutFormContentFilter.doFilterInternal(HttpPutFormContentFilter.java:105) ~[spring-web-4.3.10.RELEASE.jar:4.3.10.RELEASE]
	at org.springframework.web.filter.OncePerRequestFilter.doFilter(OncePerRequestFilter.java:107) ~[spring-web-4.3.10.RELEASE.jar:4.3.10.RELEASE]
	at org.apache.catalina.core.ApplicationFilterChain.internalDoFilter(ApplicationFilterChain.java:193) ~[tomcat-embed-core-8.5.16.jar:8.5.16]
	at org.apache.catalina.core.ApplicationFilterChain.doFilter(ApplicationFilterChain.java:166) ~[tomcat-embed-core-8.5.16.jar:8.5.16]
	at org.springframework.web.filter.HiddenHttpMethodFilter.doFilterInternal(HiddenHttpMethodFilter.java:81) ~[spring-web-4.3.10.RELEASE.jar:4.3.10.RELEASE]
	at org.springframework.web.filter.OncePerRequestFilter.doFilter(OncePerRequestFilter.java:107) ~[spring-web-4.3.10.RELEASE.jar:4.3.10.RELEASE]
	at org.apache.catalina.core.ApplicationFilterChain.internalDoFilter(ApplicationFilterChain.java:193) ~[tomcat-embed-core-8.5.16.jar:8.5.16]
	at org.apache.catalina.core.ApplicationFilterChain.doFilter(ApplicationFilterChain.java:166) ~[tomcat-embed-core-8.5.16.jar:8.5.16]
	at org.springframework.web.filter.CharacterEncodingFilter.doFilterInternal(CharacterEncodingFilter.java:197) ~[spring-web-4.3.10.RELEASE.jar:4.3.10.RELEASE]
	at org.springframework.web.filter.OncePerRequestFilter.doFilter(OncePerRequestFilter.java:107) ~[spring-web-4.3.10.RELEASE.jar:4.3.10.RELEASE]
	at org.apache.catalina.core.ApplicationFilterChain.internalDoFilter(ApplicationFilterChain.java:193) ~[tomcat-embed-core-8.5.16.jar:8.5.16]
	at org.apache.catalina.core.ApplicationFilterChain.doFilter(ApplicationFilterChain.java:166) ~[tomcat-embed-core-8.5.16.jar:8.5.16]
	at org.apache.catalina.core.StandardWrapperValve.invoke(StandardWrapperValve.java:198) [tomcat-embed-core-8.5.16.jar:8.5.16]
	at org.apache.catalina.core.StandardContextValve.invoke(StandardContextValve.java:96) [tomcat-embed-core-8.5.16.jar:8.5.16]
	at org.apache.catalina.authenticator.AuthenticatorBase.invoke(AuthenticatorBase.java:478) [tomcat-embed-core-8.5.16.jar:8.5.16]
	at org.apache.catalina.core.StandardHostValve.invoke(StandardHostValve.java:140) [tomcat-embed-core-8.5.16.jar:8.5.16]
	at org.apache.catalina.valves.ErrorReportValve.invoke(ErrorReportValve.java:80) [tomcat-embed-core-8.5.16.jar:8.5.16]
	at org.apache.catalina.core.StandardEngineValve.invoke(StandardEngineValve.java:87) [tomcat-embed-core-8.5.16.jar:8.5.16]
	at org.apache.catalina.connector.CoyoteAdapter.service(CoyoteAdapter.java:342) [tomcat-embed-core-8.5.16.jar:8.5.16]
	at org.apache.coyote.http11.Http11Processor.service(Http11Processor.java:799) [tomcat-embed-core-8.5.16.jar:8.5.16]
	at org.apache.coyote.AbstractProcessorLight.process(AbstractProcessorLight.java:66) [tomcat-embed-core-8.5.16.jar:8.5.16]
	at org.apache.coyote.AbstractProtocol$ConnectionHandler.process(AbstractProtocol.java:868) [tomcat-embed-core-8.5.16.jar:8.5.16]
	at org.apache.tomcat.util.net.NioEndpoint$SocketProcessor.doRun(NioEndpoint.java:1455) [tomcat-embed-core-8.5.16.jar:8.5.16]
	at org.apache.tomcat.util.net.SocketProcessorBase.run(SocketProcessorBase.java:49) [tomcat-embed-core-8.5.16.jar:8.5.16]
	at java.util.concurrent.ThreadPoolExecutor.runWorker(ThreadPoolExecutor.java:1142) [?:1.8.0_121]
	at java.util.concurrent.ThreadPoolExecutor$Worker.run(ThreadPoolExecutor.java:617) [?:1.8.0_121]
	at org.apache.tomcat.util.threads.TaskThread$WrappingRunnable.run(TaskThread.java:61) [tomcat-embed-core-8.5.16.jar:8.5.16]
	at java.lang.Thread.run(Thread.java:745) [?:1.8.0_121]
[13:34:12:436] [INFO] -  - Starting Application on henry-PC with PID 7728 (C:\D\Workspaces_mar_last\springboot1-tools\target\classes started by Administrator in C:\D\Workspaces_mar_last\springboot1-tools)
[13:34:12:440] [INFO] -  - No active profile set, falling back to default profiles: default
[13:34:15:446] [INFO] -  - Started Application in 3.206 seconds (JVM running for 6.574)
[13:37:41:095] [INFO] -  - Starting Application on henry-PC with PID 10124 (C:\D\Workspaces_mar_last\springboot1-tools\target\classes started by Administrator in C:\D\Workspaces_mar_last\springboot1-tools)
[13:37:41:099] [INFO] -  - No active profile set, falling back to default profiles: default
[13:37:43:947] [INFO] -  - Started Application in 3.047 seconds (JVM running for 6.797)
[13:41:58:786] [INFO] -  - Starting Application on henry-PC with PID 9192 (C:\D\Workspaces_mar_last\springboot1-tools\target\classes started by Administrator in C:\D\Workspaces_mar_last\springboot1-tools)
[13:41:58:791] [INFO] -  - No active profile set, falling back to default profiles: default
[13:42:01:557] [INFO] -  - Started Application in 2.971 seconds (JVM running for 6.44)
[13:56:20:562] [INFO] -  - Starting Application on henry-PC with PID 6468 (C:\D\Workspaces_mar_last\springboot1-tools\target\classes started by Administrator in C:\D\Workspaces_mar_last\springboot1-tools)
[13:56:20:567] [INFO] -  - No active profile set, falling back to default profiles: default
[13:56:23:591] [INFO] -  - Started Application in 3.245 seconds (JVM running for 6.667)
[13:59:07:704] [INFO] -  - Starting Application on henry-PC with PID 7652 (C:\D\Workspaces_mar_last\springboot1-tools\target\classes started by Administrator in C:\D\Workspaces_mar_last\springboot1-tools)
[13:59:07:709] [INFO] -  - No active profile set, falling back to default profiles: default
[13:59:10:516] [INFO] -  - Started Application in 3.006 seconds (JVM running for 6.493)
[14:04:26:370] [INFO] -  - Starting Application on henry-PC with PID 1032 (C:\D\Workspaces_mar_last\springboot1-tools\target\classes started by Administrator in C:\D\Workspaces_mar_last\springboot1-tools)
[14:04:26:374] [INFO] -  - No active profile set, falling back to default profiles: default
[14:04:29:254] [INFO] -  - Started Application in 3.058 seconds (JVM running for 6.484)
[14:08:18:328] [INFO] -  - Starting Application on henry-PC with PID 7688 (C:\D\Workspaces_mar_last\springboot1-tools\target\classes started by Administrator in C:\D\Workspaces_mar_last\springboot1-tools)
[14:08:18:332] [INFO] -  - No active profile set, falling back to default profiles: default
[14:08:21:167] [INFO] -  - Started Application in 3.033 seconds (JVM running for 6.5)
[14:09:10:914] [INFO] -  - Starting Application on henry-PC with PID 9748 (C:\D\Workspaces_mar_last\springboot1-tools\target\classes started by Administrator in C:\D\Workspaces_mar_last\springboot1-tools)
[14:09:10:918] [INFO] -  - No active profile set, falling back to default profiles: default
[14:09:13:813] [INFO] -  - Started Application in 3.102 seconds (JVM running for 6.497)
[14:11:38:866] [INFO] -  - Starting Application on henry-PC with PID 9608 (C:\D\Workspaces_mar_last\springboot1-tools\target\classes started by Administrator in C:\D\Workspaces_mar_last\springboot1-tools)
[14:11:38:874] [INFO] -  - No active profile set, falling back to default profiles: default
[14:11:42:486] [INFO] -  - Started Application in 3.852 seconds (JVM running for 7.845)
[14:14:10:090] [INFO] -  - Starting Application on henry-PC with PID 8952 (C:\D\Workspaces_mar_last\springboot1-tools\target\classes started by Administrator in C:\D\Workspaces_mar_last\springboot1-tools)
[14:14:10:100] [INFO] -  - No active profile set, falling back to default profiles: default
[14:14:13:516] [INFO] -  - Started Application in 3.671 seconds (JVM running for 7.588)
[14:15:10:195] [INFO] -  - Starting Application on henry-PC with PID 8272 (C:\D\Workspaces_mar_last\springboot1-tools\target\classes started by Administrator in C:\D\Workspaces_mar_last\springboot1-tools)
[14:15:10:201] [INFO] -  - No active profile set, falling back to default profiles: default
[14:15:13:343] [INFO] -  - Started Application in 3.354 seconds (JVM running for 7.008)
[14:17:03:723] [INFO] -  - Starting Application on henry-PC with PID 8784 (C:\D\Workspaces_mar_last\springboot1-tools\target\classes started by Administrator in C:\D\Workspaces_mar_last\springboot1-tools)
[14:17:03:727] [INFO] -  - No active profile set, falling back to default profiles: default
[14:17:06:797] [INFO] -  - Started Application in 3.275 seconds (JVM running for 6.905)
[14:19:57:839] [INFO] -  - Starting Application on henry-PC with PID 10036 (C:\D\Workspaces_mar_last\springboot1-tools\target\classes started by Administrator in C:\D\Workspaces_mar_last\springboot1-tools)
[14:19:57:843] [INFO] -  - No active profile set, falling back to default profiles: default
[14:20:00:853] [INFO] -  - Started Application in 3.217 seconds (JVM running for 6.676)
[14:28:54:564] [INFO] -  - Starting Application on henry-PC with PID 8332 (C:\D\Workspaces_mar_last\springboot1-tools\target\classes started by Administrator in C:\D\Workspaces_mar_last\springboot1-tools)
[14:28:54:569] [INFO] -  - No active profile set, falling back to default profiles: default
[14:28:57:377] [INFO] -  - Started Application in 3.002 seconds (JVM running for 6.536)
[14:30:40:885] [INFO] -  - Starting Application on henry-PC with PID 7960 (C:\D\Workspaces_mar_last\springboot1-tools\target\classes started by Administrator in C:\D\Workspaces_mar_last\springboot1-tools)
[14:30:40:890] [INFO] -  - No active profile set, falling back to default profiles: default
[14:30:43:866] [INFO] -  - Started Application in 3.191 seconds (JVM running for 6.924)
[14:31:56:873] [INFO] -  - Starting Application on henry-PC with PID 7848 (C:\D\Workspaces_mar_last\springboot1-tools\target\classes started by Administrator in C:\D\Workspaces_mar_last\springboot1-tools)
[14:31:56:878] [INFO] -  - No active profile set, falling back to default profiles: default
[14:31:59:926] [INFO] -  - Started Application in 3.249 seconds (JVM running for 6.678)
